<?xml version="1.0" encoding="UTF-8"?>
<testsuite xmlns:xsi="http://www.w3.org/2001/XMLSchema-instance" xsi:noNamespaceSchemaLocation="https://maven.apache.org/surefire/maven-surefire-plugin/xsd/surefire-test-report-3.0.xsd" version="3.0" name="TestSuite" time="118.234" tests="3" errors="0" skipped="0" failures="1">
  <properties>
    <property name="java.specification.version" value="18"/>
    <property name="webdriver.chrome.driver" value="C:\Users\User\eclipse-workspace\SEL1\drivers\chromedriver.exe"/>
    <property name="sun.cpu.isalist" value="amd64"/>
    <property name="sun.jnu.encoding" value="Cp1252"/>
    <property name="java.class.path" value="C:\Users\User\eclipse-workspace\SELva\target\test-classes;C:\Users\User\eclipse-workspace\SELva\target\classes;C:\Users\User\.m2\repository\org\apache\poi\poi\3.9\poi-3.9.jar;C:\Users\User\.m2\repository\commons-codec\commons-codec\1.5\commons-codec-1.5.jar;C:\Users\User\.m2\repository\org\apache\poi\poi-ooxml\3.9\poi-ooxml-3.9.jar;C:\Users\User\.m2\repository\dom4j\dom4j\1.6.1\dom4j-1.6.1.jar;C:\Users\User\.m2\repository\xml-apis\xml-apis\1.0.b2\xml-apis-1.0.b2.jar;C:\Users\User\.m2\repository\org\apache\poi\poi-ooxml-schemas\3.9\poi-ooxml-schemas-3.9.jar;C:\Users\User\.m2\repository\org\apache\xmlbeans\xmlbeans\2.3.0\xmlbeans-2.3.0.jar;C:\Users\User\.m2\repository\stax\stax-api\1.0.1\stax-api-1.0.1.jar;C:\Users\User\.m2\repository\org\apache\poi\poi-scratchpad\3.9\poi-scratchpad-3.9.jar;C:\Users\User\.m2\repository\org\apache\poi\ooxml-schemas\1.1\ooxml-schemas-1.1.jar;C:\Users\User\.m2\repository\org\apache\poi\openxml4j\1.0-beta\openxml4j-1.0-beta.jar;C:\Users\User\.m2\repository\log4j\log4j\1.2.8\log4j-1.2.8.jar;C:\Users\User\.m2\repository\org\seleniumhq\selenium\selenium-java\3.141.59\selenium-java-3.141.59.jar;C:\Users\User\.m2\repository\org\seleniumhq\selenium\selenium-api\3.141.59\selenium-api-3.141.59.jar;C:\Users\User\.m2\repository\org\seleniumhq\selenium\selenium-chrome-driver\3.141.59\selenium-chrome-driver-3.141.59.jar;C:\Users\User\.m2\repository\org\seleniumhq\selenium\selenium-edge-driver\3.141.59\selenium-edge-driver-3.141.59.jar;C:\Users\User\.m2\repository\org\seleniumhq\selenium\selenium-firefox-driver\3.141.59\selenium-firefox-driver-3.141.59.jar;C:\Users\User\.m2\repository\org\seleniumhq\selenium\selenium-ie-driver\3.141.59\selenium-ie-driver-3.141.59.jar;C:\Users\User\.m2\repository\org\seleniumhq\selenium\selenium-opera-driver\3.141.59\selenium-opera-driver-3.141.59.jar;C:\Users\User\.m2\repository\org\seleniumhq\selenium\selenium-remote-driver\3.141.59\selenium-remote-driver-3.141.59.jar;C:\Users\User\.m2\repository\org\seleniumhq\selenium\selenium-safari-driver\3.141.59\selenium-safari-driver-3.141.59.jar;C:\Users\User\.m2\repository\org\seleniumhq\selenium\selenium-support\3.141.59\selenium-support-3.141.59.jar;C:\Users\User\.m2\repository\net\bytebuddy\byte-buddy\1.8.15\byte-buddy-1.8.15.jar;C:\Users\User\.m2\repository\org\apache\commons\commons-exec\1.3\commons-exec-1.3.jar;C:\Users\User\.m2\repository\com\google\guava\guava\25.0-jre\guava-25.0-jre.jar;C:\Users\User\.m2\repository\com\google\code\findbugs\jsr305\1.3.9\jsr305-1.3.9.jar;C:\Users\User\.m2\repository\org\checkerframework\checker-compat-qual\2.0.0\checker-compat-qual-2.0.0.jar;C:\Users\User\.m2\repository\com\google\errorprone\error_prone_annotations\2.1.3\error_prone_annotations-2.1.3.jar;C:\Users\User\.m2\repository\com\google\j2objc\j2objc-annotations\1.1\j2objc-annotations-1.1.jar;C:\Users\User\.m2\repository\org\codehaus\mojo\animal-sniffer-annotations\1.14\animal-sniffer-annotations-1.14.jar;C:\Users\User\.m2\repository\com\squareup\okhttp3\okhttp\3.11.0\okhttp-3.11.0.jar;C:\Users\User\.m2\repository\com\squareup\okio\okio\1.14.0\okio-1.14.0.jar;C:\Users\User\.m2\repository\org\testng\testng\7.10.1\testng-7.10.1.jar;C:\Users\User\.m2\repository\com\beust\jcommander\1.82\jcommander-1.82.jar;C:\Users\User\.m2\repository\org\webjars\jquery\3.7.1\jquery-3.7.1.jar;C:\Users\User\.m2\repository\org\slf4j\slf4j-api\2.0.7\slf4j-api-2.0.7.jar;C:\Users\User\.m2\repository\org\slf4j\slf4j-simple\2.0.7\slf4j-simple-2.0.7.jar;C:\Users\User\.m2\repository\io\github\bonigarcia\webdrivermanager\5.0.3\webdrivermanager-5.0.3.jar;C:\Users\User\.m2\repository\com\google\code\gson\gson\2.8.8\gson-2.8.8.jar;C:\Users\User\.m2\repository\org\jsoup\jsoup\1.14.2\jsoup-1.14.2.jar;C:\Users\User\.m2\repository\com\github\docker-java\docker-java\3.2.12\docker-java-3.2.12.jar;C:\Users\User\.m2\repository\com\github\docker-java\docker-java-core\3.2.12\docker-java-core-3.2.12.jar;C:\Users\User\.m2\repository\com\github\docker-java\docker-java-api\3.2.12\docker-java-api-3.2.12.jar;C:\Users\User\.m2\repository\com\fasterxml\jackson\core\jackson-annotations\2.10.3\jackson-annotations-2.10.3.jar;C:\Users\User\.m2\repository\org\apache\commons\commons-compress\1.21\commons-compress-1.21.jar;C:\Users\User\.m2\repository\commons-lang\commons-lang\2.6\commons-lang-2.6.jar;C:\Users\User\.m2\repository\com\fasterxml\jackson\core\jackson-databind\2.10.3\jackson-databind-2.10.3.jar;C:\Users\User\.m2\repository\com\fasterxml\jackson\core\jackson-core\2.10.3\jackson-core-2.10.3.jar;C:\Users\User\.m2\repository\org\bouncycastle\bcpkix-jdk15on\1.64\bcpkix-jdk15on-1.64.jar;C:\Users\User\.m2\repository\org\bouncycastle\bcprov-jdk15on\1.64\bcprov-jdk15on-1.64.jar;C:\Users\User\.m2\repository\org\slf4j\jcl-over-slf4j\1.7.30\jcl-over-slf4j-1.7.30.jar;C:\Users\User\.m2\repository\com\github\docker-java\docker-java-transport-httpclient5\3.2.12\docker-java-transport-httpclient5-3.2.12.jar;C:\Users\User\.m2\repository\com\github\docker-java\docker-java-transport\3.2.12\docker-java-transport-3.2.12.jar;C:\Users\User\.m2\repository\org\apache\httpcomponents\client5\httpclient5\5.0.3\httpclient5-5.0.3.jar;C:\Users\User\.m2\repository\org\apache\httpcomponents\core5\httpcore5\5.0.2\httpcore5-5.0.2.jar;C:\Users\User\.m2\repository\net\java\dev\jna\jna\5.8.0\jna-5.8.0.jar;C:\Users\User\.m2\repository\org\brotli\dec\0.1.2\dec-0.1.2.jar;C:\Users\User\.m2\repository\com\relevantcodes\extentreports\2.41.2\extentreports-2.41.2.jar;C:\Users\User\.m2\repository\org\xerial\sqlite-jdbc\3.8.11.1\sqlite-jdbc-3.8.11.1.jar;C:\Users\User\.m2\repository\org\freemarker\freemarker\2.3.23\freemarker-2.3.23.jar;C:\Users\User\.m2\repository\org\mongodb\mongodb-driver\3.0.4\mongodb-driver-3.0.4.jar;C:\Users\User\.m2\repository\org\mongodb\bson\3.0.4\bson-3.0.4.jar;C:\Users\User\.m2\repository\org\mongodb\mongodb-driver-core\3.0.4\mongodb-driver-core-3.0.4.jar;C:\Users\User\.m2\repository\commons-io\commons-io\2.6\commons-io-2.6.jar;"/>
    <property name="java.vm.vendor" value="Oracle Corporation"/>
    <property name="sun.arch.data.model" value="64"/>
    <property name="user.variant" value=""/>
    <property name="java.vendor.url" value="https://java.oracle.com/"/>
    <property name="user.timezone" value="Asia/Calcutta"/>
    <property name="os.name" value="Windows 10"/>
    <property name="java.vm.specification.version" value="18"/>
    <property name="sun.java.launcher" value="SUN_STANDARD"/>
    <property name="user.country" value="IN"/>
    <property name="sun.boot.library.path" value="C:\Program Files\Java\jdk-18.0.2.1\bin"/>
    <property name="sun.java.command" value="C:\Users\User\AppData\Local\Temp\surefire5695628749506892464\surefirebooter15608690246382473040.jar C:\Users\User\AppData\Local\Temp\surefire5695628749506892464 2024-07-03T22-40-35_293-jvmRun1 surefire17627406662918829373tmp surefire_011298881238573595228tmp"/>
    <property name="jdk.debug" value="release"/>
    <property name="surefire.test.class.path" value="C:\Users\User\eclipse-workspace\SELva\target\test-classes;C:\Users\User\eclipse-workspace\SELva\target\classes;C:\Users\User\.m2\repository\org\apache\poi\poi\3.9\poi-3.9.jar;C:\Users\User\.m2\repository\commons-codec\commons-codec\1.5\commons-codec-1.5.jar;C:\Users\User\.m2\repository\org\apache\poi\poi-ooxml\3.9\poi-ooxml-3.9.jar;C:\Users\User\.m2\repository\dom4j\dom4j\1.6.1\dom4j-1.6.1.jar;C:\Users\User\.m2\repository\xml-apis\xml-apis\1.0.b2\xml-apis-1.0.b2.jar;C:\Users\User\.m2\repository\org\apache\poi\poi-ooxml-schemas\3.9\poi-ooxml-schemas-3.9.jar;C:\Users\User\.m2\repository\org\apache\xmlbeans\xmlbeans\2.3.0\xmlbeans-2.3.0.jar;C:\Users\User\.m2\repository\stax\stax-api\1.0.1\stax-api-1.0.1.jar;C:\Users\User\.m2\repository\org\apache\poi\poi-scratchpad\3.9\poi-scratchpad-3.9.jar;C:\Users\User\.m2\repository\org\apache\poi\ooxml-schemas\1.1\ooxml-schemas-1.1.jar;C:\Users\User\.m2\repository\org\apache\poi\openxml4j\1.0-beta\openxml4j-1.0-beta.jar;C:\Users\User\.m2\repository\log4j\log4j\1.2.8\log4j-1.2.8.jar;C:\Users\User\.m2\repository\org\seleniumhq\selenium\selenium-java\3.141.59\selenium-java-3.141.59.jar;C:\Users\User\.m2\repository\org\seleniumhq\selenium\selenium-api\3.141.59\selenium-api-3.141.59.jar;C:\Users\User\.m2\repository\org\seleniumhq\selenium\selenium-chrome-driver\3.141.59\selenium-chrome-driver-3.141.59.jar;C:\Users\User\.m2\repository\org\seleniumhq\selenium\selenium-edge-driver\3.141.59\selenium-edge-driver-3.141.59.jar;C:\Users\User\.m2\repository\org\seleniumhq\selenium\selenium-firefox-driver\3.141.59\selenium-firefox-driver-3.141.59.jar;C:\Users\User\.m2\repository\org\seleniumhq\selenium\selenium-ie-driver\3.141.59\selenium-ie-driver-3.141.59.jar;C:\Users\User\.m2\repository\org\seleniumhq\selenium\selenium-opera-driver\3.141.59\selenium-opera-driver-3.141.59.jar;C:\Users\User\.m2\repository\org\seleniumhq\selenium\selenium-remote-driver\3.141.59\selenium-remote-driver-3.141.59.jar;C:\Users\User\.m2\repository\org\seleniumhq\selenium\selenium-safari-driver\3.141.59\selenium-safari-driver-3.141.59.jar;C:\Users\User\.m2\repository\org\seleniumhq\selenium\selenium-support\3.141.59\selenium-support-3.141.59.jar;C:\Users\User\.m2\repository\net\bytebuddy\byte-buddy\1.8.15\byte-buddy-1.8.15.jar;C:\Users\User\.m2\repository\org\apache\commons\commons-exec\1.3\commons-exec-1.3.jar;C:\Users\User\.m2\repository\com\google\guava\guava\25.0-jre\guava-25.0-jre.jar;C:\Users\User\.m2\repository\com\google\code\findbugs\jsr305\1.3.9\jsr305-1.3.9.jar;C:\Users\User\.m2\repository\org\checkerframework\checker-compat-qual\2.0.0\checker-compat-qual-2.0.0.jar;C:\Users\User\.m2\repository\com\google\errorprone\error_prone_annotations\2.1.3\error_prone_annotations-2.1.3.jar;C:\Users\User\.m2\repository\com\google\j2objc\j2objc-annotations\1.1\j2objc-annotations-1.1.jar;C:\Users\User\.m2\repository\org\codehaus\mojo\animal-sniffer-annotations\1.14\animal-sniffer-annotations-1.14.jar;C:\Users\User\.m2\repository\com\squareup\okhttp3\okhttp\3.11.0\okhttp-3.11.0.jar;C:\Users\User\.m2\repository\com\squareup\okio\okio\1.14.0\okio-1.14.0.jar;C:\Users\User\.m2\repository\org\testng\testng\7.10.1\testng-7.10.1.jar;C:\Users\User\.m2\repository\com\beust\jcommander\1.82\jcommander-1.82.jar;C:\Users\User\.m2\repository\org\webjars\jquery\3.7.1\jquery-3.7.1.jar;C:\Users\User\.m2\repository\org\slf4j\slf4j-api\2.0.7\slf4j-api-2.0.7.jar;C:\Users\User\.m2\repository\org\slf4j\slf4j-simple\2.0.7\slf4j-simple-2.0.7.jar;C:\Users\User\.m2\repository\io\github\bonigarcia\webdrivermanager\5.0.3\webdrivermanager-5.0.3.jar;C:\Users\User\.m2\repository\com\google\code\gson\gson\2.8.8\gson-2.8.8.jar;C:\Users\User\.m2\repository\org\jsoup\jsoup\1.14.2\jsoup-1.14.2.jar;C:\Users\User\.m2\repository\com\github\docker-java\docker-java\3.2.12\docker-java-3.2.12.jar;C:\Users\User\.m2\repository\com\github\docker-java\docker-java-core\3.2.12\docker-java-core-3.2.12.jar;C:\Users\User\.m2\repository\com\github\docker-java\docker-java-api\3.2.12\docker-java-api-3.2.12.jar;C:\Users\User\.m2\repository\com\fasterxml\jackson\core\jackson-annotations\2.10.3\jackson-annotations-2.10.3.jar;C:\Users\User\.m2\repository\org\apache\commons\commons-compress\1.21\commons-compress-1.21.jar;C:\Users\User\.m2\repository\commons-lang\commons-lang\2.6\commons-lang-2.6.jar;C:\Users\User\.m2\repository\com\fasterxml\jackson\core\jackson-databind\2.10.3\jackson-databind-2.10.3.jar;C:\Users\User\.m2\repository\com\fasterxml\jackson\core\jackson-core\2.10.3\jackson-core-2.10.3.jar;C:\Users\User\.m2\repository\org\bouncycastle\bcpkix-jdk15on\1.64\bcpkix-jdk15on-1.64.jar;C:\Users\User\.m2\repository\org\bouncycastle\bcprov-jdk15on\1.64\bcprov-jdk15on-1.64.jar;C:\Users\User\.m2\repository\org\slf4j\jcl-over-slf4j\1.7.30\jcl-over-slf4j-1.7.30.jar;C:\Users\User\.m2\repository\com\github\docker-java\docker-java-transport-httpclient5\3.2.12\docker-java-transport-httpclient5-3.2.12.jar;C:\Users\User\.m2\repository\com\github\docker-java\docker-java-transport\3.2.12\docker-java-transport-3.2.12.jar;C:\Users\User\.m2\repository\org\apache\httpcomponents\client5\httpclient5\5.0.3\httpclient5-5.0.3.jar;C:\Users\User\.m2\repository\org\apache\httpcomponents\core5\httpcore5\5.0.2\httpcore5-5.0.2.jar;C:\Users\User\.m2\repository\net\java\dev\jna\jna\5.8.0\jna-5.8.0.jar;C:\Users\User\.m2\repository\org\brotli\dec\0.1.2\dec-0.1.2.jar;C:\Users\User\.m2\repository\com\relevantcodes\extentreports\2.41.2\extentreports-2.41.2.jar;C:\Users\User\.m2\repository\org\xerial\sqlite-jdbc\3.8.11.1\sqlite-jdbc-3.8.11.1.jar;C:\Users\User\.m2\repository\org\freemarker\freemarker\2.3.23\freemarker-2.3.23.jar;C:\Users\User\.m2\repository\org\mongodb\mongodb-driver\3.0.4\mongodb-driver-3.0.4.jar;C:\Users\User\.m2\repository\org\mongodb\bson\3.0.4\bson-3.0.4.jar;C:\Users\User\.m2\repository\org\mongodb\mongodb-driver-core\3.0.4\mongodb-driver-core-3.0.4.jar;C:\Users\User\.m2\repository\commons-io\commons-io\2.6\commons-io-2.6.jar;"/>
    <property name="sun.cpu.endian" value="little"/>
    <property name="user.home" value="C:\Users\User"/>
    <property name="user.language" value="en"/>
    <property name="java.specification.vendor" value="Oracle Corporation"/>
    <property name="java.version.date" value="2022-08-18"/>
    <property name="java.home" value="C:\Program Files\Java\jdk-18.0.2.1"/>
    <property name="file.separator" value="\"/>
    <property name="basedir" value="C:\Users\User\eclipse-workspace\SELva"/>
    <property name="java.vm.compressedOopsMode" value="32-bit"/>
    <property name="line.separator" value="&#10;"/>
    <property name="java.vm.specification.vendor" value="Oracle Corporation"/>
    <property name="java.specification.name" value="Java Platform API Specification"/>
    <property name="surefire.real.class.path" value="C:\Users\User\AppData\Local\Temp\surefire5695628749506892464\surefirebooter15608690246382473040.jar"/>
    <property name="user.script" value=""/>
    <property name="sun.management.compiler" value="HotSpot 64-Bit Tiered Compilers"/>
    <property name="java.runtime.version" value="18.0.2.1+1-1"/>
    <property name="user.name" value="User"/>
    <property name="path.separator" value=";"/>
    <property name="os.version" value="10.0"/>
    <property name="java.runtime.name" value="Java(TM) SE Runtime Environment"/>
    <property name="file.encoding" value="UTF-8"/>
    <property name="java.vm.name" value="Java HotSpot(TM) 64-Bit Server VM"/>
    <property name="localRepository" value="C:\Users\User\.m2\repository"/>
    <property name="java.vendor.url.bug" value="https://bugreport.java.com/bugreport/"/>
    <property name="java.io.tmpdir" value="C:\Users\User\AppData\Local\Temp\"/>
    <property name="java.version" value="18.0.2.1"/>
    <property name="user.dir" value="C:\Users\User\eclipse-workspace\SELva"/>
    <property name="os.arch" value="amd64"/>
    <property name="java.vm.specification.name" value="Java Virtual Machine Specification"/>
    <property name="sun.os.patch.level" value=""/>
    <property name="native.encoding" value="Cp1252"/>
    <property name="java.library.path" value="C:\Program Files\Java\jdk-18.0.2.1\bin;C:\Windows\Sun\Java\bin;C:\Windows\system32;C:\Windows;C:\Users\User\.jenkins\tools\hudson.tasks.Maven_MavenInstallation\TestMaven/bin;C:\Program Files\Common Files\Oracle\Java\javapath;C:\oracle\product\10.2.0\db_1\bin;C:\Windows\system32;C:\Windows;C:\Windows\System32\Wbem;C:\Windows\System32\WindowsPowerShell\v1.0\;C:\Windows\System32\OpenSSH\;C:\Program Files\Java\jdk-22\bin;C:\Program Files\Git\cmd;C:\Program Files\dotnet\;C:\Program Files\Microsoft SQL Server\150\Tools\Binn\;C:\Program Files\Microsoft SQL Server\Client SDK\ODBC\170\Tools\Binn\;C:\Program Files\TortoiseSVN\bin;C:\Users\User\AppData\Local\Microsoft\WindowsApps;C:\Users\User\AppData\Local\Programs\Microsoft VS Code\bin;C:\Program Files\JetBrains\IntelliJ IDEA Community Edition 2024.1\bin;;C:\Users\User\.dotnet\tools;."/>
    <property name="java.vm.info" value="mixed mode, sharing"/>
    <property name="java.vendor" value="Oracle Corporation"/>
    <property name="java.vm.version" value="18.0.2.1+1-1"/>
    <property name="sun.io.unicode.encoding" value="UnicodeLittle"/>
    <property name="java.class.version" value="62.0"/>
  </properties>
  <testcase name="CreateLead" classname="Tests.CreateLeadTests" time="20.178">
    <failure message="Cannot locate option with value: Banglore&#10;For documentation on this error, please visit: https://www.seleniumhq.org/exceptions/no_such_element.html&#10;Build info: version: &apos;3.141.59&apos;, revision: &apos;e82be7d358&apos;, time: &apos;2018-11-14T08:17:03&apos;&#10;System info: host: &apos;DESKTOP-O8SFBI0&apos;, ip: &apos;192.168.0.106&apos;, os.name: &apos;Windows 10&apos;, os.arch: &apos;amd64&apos;, os.version: &apos;10.0&apos;, java.version: &apos;18.0.2.1&apos;&#10;Driver info: driver.version: unknown" type="org.openqa.selenium.NoSuchElementException"><![CDATA[org.openqa.selenium.NoSuchElementException: 
Cannot locate option with value: Banglore
For documentation on this error, please visit: https://www.seleniumhq.org/exceptions/no_such_element.html
Build info: version: '3.141.59', revision: 'e82be7d358', time: '2018-11-14T08:17:03'
System info: host: 'DESKTOP-O8SFBI0', ip: '192.168.0.106', os.name: 'Windows 10', os.arch: 'amd64', os.version: '10.0', java.version: '18.0.2.1'
Driver info: driver.version: unknown
	at Tests.CreateLeadTests.CreateLead(CreateLeadTests.java:39)
]]></failure>
    <system-out><![CDATA[Before navigating to: https://lx2.legalxgen.com/
After navigating to: https://lx2.legalxgen.com/
Before finding element: By.xpath: //*[@id="Username"]
After finding element: By.xpath: //*[@id="Username"]
Before changing value of element: [[ChromeDriver: chrome on WINDOWS (0fa87aec68aaa6ae0cca107f4cf7cc94)] -> xpath: //*[@id="Username"]]
After changing value of element: [[ChromeDriver: chrome on WINDOWS (0fa87aec68aaa6ae0cca107f4cf7cc94)] -> xpath: //*[@id="Username"]]
Before finding element: By.id: Password
After finding element: By.id: Password
Before changing value of element: [[ChromeDriver: chrome on WINDOWS (0fa87aec68aaa6ae0cca107f4cf7cc94)] -> id: Password]
After changing value of element: [[ChromeDriver: chrome on WINDOWS (0fa87aec68aaa6ae0cca107f4cf7cc94)] -> id: Password]
Before finding element: By.xpath: //*[@id="btnLogOn"]
After finding element: By.xpath: //*[@id="btnLogOn"]
Before clicking on element: [[ChromeDriver: chrome on WINDOWS (0fa87aec68aaa6ae0cca107f4cf7cc94)] -> xpath: //*[@id="btnLogOn"]]
After clicking on element: [[ChromeDriver: chrome on WINDOWS (0fa87aec68aaa6ae0cca107f4cf7cc94)] -> xpath: //*[@id="btnLogOn"]]
Before finding element: By.id: manageMatters
After finding element: By.id: manageMatters
Before clicking on element: [[ChromeDriver: chrome on WINDOWS (0fa87aec68aaa6ae0cca107f4cf7cc94)] -> id: manageMatters]
After clicking on element: [[ChromeDriver: chrome on WINDOWS (0fa87aec68aaa6ae0cca107f4cf7cc94)] -> id: manageMatters]
Before finding element: By.id: btnNewMatter
After finding element: By.id: btnNewMatter
Before clicking on element: [[ChromeDriver: chrome on WINDOWS (0fa87aec68aaa6ae0cca107f4cf7cc94)] -> id: btnNewMatter]
After clicking on element: [[ChromeDriver: chrome on WINDOWS (0fa87aec68aaa6ae0cca107f4cf7cc94)] -> id: btnNewMatter]
Before navigating to: https://lx2.legalxgen.com/
After navigating to: https://lx2.legalxgen.com/
Before finding element: By.xpath: //*[@id="Username"]
After finding element: By.xpath: //*[@id="Username"]
Before changing value of element: [[ChromeDriver: chrome on WINDOWS (adcf37476c2ed09bef37984895d4555d)] -> xpath: //*[@id="Username"]]
After changing value of element: [[ChromeDriver: chrome on WINDOWS (adcf37476c2ed09bef37984895d4555d)] -> xpath: //*[@id="Username"]]
Before finding element: By.id: Password
After finding element: By.id: Password
Before changing value of element: [[ChromeDriver: chrome on WINDOWS (adcf37476c2ed09bef37984895d4555d)] -> id: Password]
After changing value of element: [[ChromeDriver: chrome on WINDOWS (adcf37476c2ed09bef37984895d4555d)] -> id: Password]
Before finding element: By.xpath: //*[@id="btnLogOn"]
After finding element: By.xpath: //*[@id="btnLogOn"]
Before clicking on element: [[ChromeDriver: chrome on WINDOWS (adcf37476c2ed09bef37984895d4555d)] -> xpath: //*[@id="btnLogOn"]]
After clicking on element: [[ChromeDriver: chrome on WINDOWS (adcf37476c2ed09bef37984895d4555d)] -> xpath: //*[@id="btnLogOn"]]
Before finding element: By.id: manageTimeSheet
After finding element: By.id: manageTimeSheet
Before clicking on element: [[ChromeDriver: chrome on WINDOWS (adcf37476c2ed09bef37984895d4555d)] -> id: manageTimeSheet]
After clicking on element: [[ChromeDriver: chrome on WINDOWS (adcf37476c2ed09bef37984895d4555d)] -> id: manageTimeSheet]
Before finding element: By.id: btnNewTimeEntry
After finding element: By.id: btnNewTimeEntry
Before clicking on element: [[ChromeDriver: chrome on WINDOWS (adcf37476c2ed09bef37984895d4555d)] -> id: btnNewTimeEntry]
After clicking on element: [[ChromeDriver: chrome on WINDOWS (adcf37476c2ed09bef37984895d4555d)] -> id: btnNewTimeEntry]
Before navigating to: https://lx2.legalxgen.com/
After navigating to: https://lx2.legalxgen.com/
Before finding element: By.xpath: //*[@id="Username"]
After finding element: By.xpath: //*[@id="Username"]
Before changing value of element: [[ChromeDriver: chrome on WINDOWS (3f13aa05130c35d4f62dd122fe2777fb)] -> xpath: //*[@id="Username"]]
After changing value of element: [[ChromeDriver: chrome on WINDOWS (3f13aa05130c35d4f62dd122fe2777fb)] -> xpath: //*[@id="Username"]]
Before finding element: By.id: Password
After finding element: By.id: Password
Before changing value of element: [[ChromeDriver: chrome on WINDOWS (3f13aa05130c35d4f62dd122fe2777fb)] -> id: Password]
After changing value of element: [[ChromeDriver: chrome on WINDOWS (3f13aa05130c35d4f62dd122fe2777fb)] -> id: Password]
Before finding element: By.xpath: //*[@id="btnLogOn"]
After finding element: By.xpath: //*[@id="btnLogOn"]
Before clicking on element: [[ChromeDriver: chrome on WINDOWS (3f13aa05130c35d4f62dd122fe2777fb)] -> xpath: //*[@id="btnLogOn"]]
After clicking on element: [[ChromeDriver: chrome on WINDOWS (3f13aa05130c35d4f62dd122fe2777fb)] -> xpath: //*[@id="btnLogOn"]]
Before finding element: By.xpath: //*[@id="manageLeads"]
After finding element: By.xpath: //*[@id="manageLeads"]
Before clicking on element: [[ChromeDriver: chrome on WINDOWS (3f13aa05130c35d4f62dd122fe2777fb)] -> xpath: //*[@id="manageLeads"]]
After clicking on element: [[ChromeDriver: chrome on WINDOWS (3f13aa05130c35d4f62dd122fe2777fb)] -> xpath: //*[@id="manageLeads"]]
Before finding element: By.id: btnNewLead
After finding element: By.id: btnNewLead
Before clicking on element: [[ChromeDriver: chrome on WINDOWS (3f13aa05130c35d4f62dd122fe2777fb)] -> id: btnNewLead]
After clicking on element: [[ChromeDriver: chrome on WINDOWS (3f13aa05130c35d4f62dd122fe2777fb)] -> id: btnNewLead]
Before finding element: By.id: BuId
After finding element: By.id: BuId
Before finding element: By.id: BuId
After finding element: By.id: BuId
Before finding element: By.id: BuId
After finding element: By.id: BuId
Before finding element: By.xpath: .//option[@value = "Banglore"]
After finding element: By.xpath: .//option[@value = "Banglore"]
]]></system-out>
    <system-err><![CDATA[Starting ChromeDriver 125.0.6422.141 (4b1e83937122185343ba92e909b021f307c719ca-refs/branch-heads/6422@{#1186}) on port 24316
Only local connections are allowed.
Please see https://chromedriver.chromium.org/security-considerations for suggestions on keeping ChromeDriver safe.
ChromeDriver was started successfully.
[1720026638.864][WARNING]: This version of ChromeDriver has not been tested with Chrome version 126.
Jul 03, 2024 10:40:38 PM org.openqa.selenium.remote.ProtocolHandshake createSession
INFO: Detected dialect: W3C
Starting ChromeDriver 125.0.6422.141 (4b1e83937122185343ba92e909b021f307c719ca-refs/branch-heads/6422@{#1186}) on port 29711
Only local connections are allowed.
Please see https://chromedriver.chromium.org/security-considerations for suggestions on keeping ChromeDriver safe.
ChromeDriver was started successfully.
[1720026658.866][WARNING]: This version of ChromeDriver has not been tested with Chrome version 126.
Jul 03, 2024 10:40:58 PM org.openqa.selenium.remote.ProtocolHandshake createSession
INFO: Detected dialect: W3C
Starting ChromeDriver 125.0.6422.141 (4b1e83937122185343ba92e909b021f307c719ca-refs/branch-heads/6422@{#1186}) on port 23921
Only local connections are allowed.
Please see https://chromedriver.chromium.org/security-considerations for suggestions on keeping ChromeDriver safe.
ChromeDriver was started successfully.
[1720026680.717][WARNING]: This version of ChromeDriver has not been tested with Chrome version 126.
Jul 03, 2024 10:41:20 PM org.openqa.selenium.remote.ProtocolHandshake createSession
INFO: Detected dialect: W3C
]]></system-err>
  </testcase>
  <testcase name="CreateMatter" classname="Tests.CreateMatterTests" time="15.036">
    <system-out><![CDATA[Before finding element: By.id: BUId
After finding element: By.id: BUId
Before finding element: By.id: BUId
After finding element: By.id: BUId
Before finding element: By.id: BUId
After finding element: By.id: BUId
Before finding element: By.tagName: option
After finding element: By.tagName: option
Before clicking on element: [[[[ChromeDriver: chrome on WINDOWS (0fa87aec68aaa6ae0cca107f4cf7cc94)] -> id: BUId]] -> tag name: option]
After clicking on element: [[[[ChromeDriver: chrome on WINDOWS (0fa87aec68aaa6ae0cca107f4cf7cc94)] -> id: BUId]] -> tag name: option]
Before finding element: By.id: PracticeAreaId
After finding element: By.id: PracticeAreaId
Before finding element: By.id: PracticeAreaId
After finding element: By.id: PracticeAreaId
Before finding element: By.id: PracticeAreaId
After finding element: By.id: PracticeAreaId
Before finding element: By.tagName: option
After finding element: By.tagName: option
Before clicking on element: [[[[ChromeDriver: chrome on WINDOWS (0fa87aec68aaa6ae0cca107f4cf7cc94)] -> id: PracticeAreaId]] -> tag name: option]
After clicking on element: [[[[ChromeDriver: chrome on WINDOWS (0fa87aec68aaa6ae0cca107f4cf7cc94)] -> id: PracticeAreaId]] -> tag name: option]
Before finding element: By.id: Status
After finding element: By.id: Status
Before finding element: By.id: Status
After finding element: By.id: Status
Before finding element: By.id: Status
After finding element: By.id: Status
Before finding element: By.tagName: option
After finding element: By.tagName: option
Before finding element: By.id: BillingTypeId
After finding element: By.id: BillingTypeId
Before finding element: By.id: BillingTypeId
After finding element: By.id: BillingTypeId
Before finding element: By.id: BillingTypeId
After finding element: By.id: BillingTypeId
Before finding element: By.tagName: option
After finding element: By.tagName: option
Before clicking on element: [[[[ChromeDriver: chrome on WINDOWS (0fa87aec68aaa6ae0cca107f4cf7cc94)] -> id: BillingTypeId]] -> tag name: option]
After clicking on element: [[[[ChromeDriver: chrome on WINDOWS (0fa87aec68aaa6ae0cca107f4cf7cc94)] -> id: BillingTypeId]] -> tag name: option]
Before finding element: By.xpath: //*[@id="select2-ClientId-container"]
After finding element: By.xpath: //*[@id="select2-ClientId-container"]
Before clicking on element: [[ChromeDriver: chrome on WINDOWS (0fa87aec68aaa6ae0cca107f4cf7cc94)] -> xpath: //*[@id="select2-ClientId-container"]]
After clicking on element: [[ChromeDriver: chrome on WINDOWS (0fa87aec68aaa6ae0cca107f4cf7cc94)] -> xpath: //*[@id="select2-ClientId-container"]]
Before finding element: By.xpath: //*[@id="lxBodyMain"]/span/span/span[1]/input
After finding element: By.xpath: //*[@id="lxBodyMain"]/span/span/span[1]/input
Before changing value of element: [[ChromeDriver: chrome on WINDOWS (0fa87aec68aaa6ae0cca107f4cf7cc94)] -> xpath: //*[@id="lxBodyMain"]/span/span/span[1]/input]
After changing value of element: [[ChromeDriver: chrome on WINDOWS (0fa87aec68aaa6ae0cca107f4cf7cc94)] -> xpath: //*[@id="lxBodyMain"]/span/span/span[1]/input]
Before finding element: By.xpath: //*[@id="lxBodyMain"]/span/span/span[1]/input
After finding element: By.xpath: //*[@id="lxBodyMain"]/span/span/span[1]/input
Before changing value of element: [[ChromeDriver: chrome on WINDOWS (0fa87aec68aaa6ae0cca107f4cf7cc94)] -> xpath: //*[@id="lxBodyMain"]/span/span/span[1]/input]
After changing value of element: [[ChromeDriver: chrome on WINDOWS (0fa87aec68aaa6ae0cca107f4cf7cc94)] -> xpath: //*[@id="lxBodyMain"]/span/span/span[1]/input]
Before finding element: By.id: MatterTitle
After finding element: By.id: MatterTitle
Before changing value of element: [[ChromeDriver: chrome on WINDOWS (0fa87aec68aaa6ae0cca107f4cf7cc94)] -> id: MatterTitle]
After changing value of element: [[ChromeDriver: chrome on WINDOWS (0fa87aec68aaa6ae0cca107f4cf7cc94)] -> id: MatterTitle]
Before finding element: By.id: btnSaveMatter
After finding element: By.id: btnSaveMatter
Before clicking on element: [[ChromeDriver: chrome on WINDOWS (0fa87aec68aaa6ae0cca107f4cf7cc94)] -> id: btnSaveMatter]
After clicking on element: [[ChromeDriver: chrome on WINDOWS (0fa87aec68aaa6ae0cca107f4cf7cc94)] -> id: btnSaveMatter]
]]></system-out>
  </testcase>
  <testcase name="CreateTimesheet" classname="Tests.CreateTimesheetTests" time="18.987">
    <system-out><![CDATA[Before finding element: By.id: select2-MatterId-container
After finding element: By.id: select2-MatterId-container
Before clicking on element: [[ChromeDriver: chrome on WINDOWS (adcf37476c2ed09bef37984895d4555d)] -> id: select2-MatterId-container]
After clicking on element: [[ChromeDriver: chrome on WINDOWS (adcf37476c2ed09bef37984895d4555d)] -> id: select2-MatterId-container]
Before finding element: By.xpath: //*[@id="lxBodyMain"]/span/span/span[1]/input
After finding element: By.xpath: //*[@id="lxBodyMain"]/span/span/span[1]/input
Before changing value of element: [[ChromeDriver: chrome on WINDOWS (adcf37476c2ed09bef37984895d4555d)] -> xpath: //*[@id="lxBodyMain"]/span/span/span[1]/input]
After changing value of element: [[ChromeDriver: chrome on WINDOWS (adcf37476c2ed09bef37984895d4555d)] -> xpath: //*[@id="lxBodyMain"]/span/span/span[1]/input]
Before finding element: By.xpath: //*[@id="lxBodyMain"]/span/span/span[1]/input
After finding element: By.xpath: //*[@id="lxBodyMain"]/span/span/span[1]/input
Before changing value of element: [[ChromeDriver: chrome on WINDOWS (adcf37476c2ed09bef37984895d4555d)] -> xpath: //*[@id="lxBodyMain"]/span/span/span[1]/input]
After changing value of element: [[ChromeDriver: chrome on WINDOWS (adcf37476c2ed09bef37984895d4555d)] -> xpath: //*[@id="lxBodyMain"]/span/span/span[1]/input]
Before finding element: By.id: TimeTrackingActivityId
After finding element: By.id: TimeTrackingActivityId
Before finding element: By.id: TimeTrackingActivityId
After finding element: By.id: TimeTrackingActivityId
Before finding element: By.id: TimeTrackingActivityId
After finding element: By.id: TimeTrackingActivityId
Before finding element: By.tagName: option
After finding element: By.tagName: option
Before clicking on element: [[[[ChromeDriver: chrome on WINDOWS (adcf37476c2ed09bef37984895d4555d)] -> id: TimeTrackingActivityId]] -> tag name: option]
After clicking on element: [[[[ChromeDriver: chrome on WINDOWS (adcf37476c2ed09bef37984895d4555d)] -> id: TimeTrackingActivityId]] -> tag name: option]
Before finding element: By.id: TrackedTime
After finding element: By.id: TrackedTime
Before changing value of element: [[ChromeDriver: chrome on WINDOWS (adcf37476c2ed09bef37984895d4555d)] -> id: TrackedTime]
After changing value of element: [[ChromeDriver: chrome on WINDOWS (adcf37476c2ed09bef37984895d4555d)] -> id: TrackedTime]
Before finding element: By.id: TrackedTime
After finding element: By.id: TrackedTime
Before changing value of element: [[ChromeDriver: chrome on WINDOWS (adcf37476c2ed09bef37984895d4555d)] -> id: TrackedTime]
After changing value of element: [[ChromeDriver: chrome on WINDOWS (adcf37476c2ed09bef37984895d4555d)] -> id: TrackedTime]
Before finding element: By.id: BillableHour
After finding element: By.id: BillableHour
Before changing value of element: [[ChromeDriver: chrome on WINDOWS (adcf37476c2ed09bef37984895d4555d)] -> id: BillableHour]
After changing value of element: [[ChromeDriver: chrome on WINDOWS (adcf37476c2ed09bef37984895d4555d)] -> id: BillableHour]
Before finding element: By.id: BillableHour
After finding element: By.id: BillableHour
Before changing value of element: [[ChromeDriver: chrome on WINDOWS (adcf37476c2ed09bef37984895d4555d)] -> id: BillableHour]
After changing value of element: [[ChromeDriver: chrome on WINDOWS (adcf37476c2ed09bef37984895d4555d)] -> id: BillableHour]
Before finding element: By.id: Description
After finding element: By.id: Description
Before changing value of element: [[ChromeDriver: chrome on WINDOWS (adcf37476c2ed09bef37984895d4555d)] -> id: Description]
After changing value of element: [[ChromeDriver: chrome on WINDOWS (adcf37476c2ed09bef37984895d4555d)] -> id: Description]
Before finding element: By.id: btnPopupSave
After finding element: By.id: btnPopupSave
Before clicking on element: [[ChromeDriver: chrome on WINDOWS (adcf37476c2ed09bef37984895d4555d)] -> id: btnPopupSave]
After clicking on element: [[ChromeDriver: chrome on WINDOWS (adcf37476c2ed09bef37984895d4555d)] -> id: btnPopupSave]
]]></system-out>
  </testcase>
</testsuite>