<?xml version="1.0" encoding="UTF-8"?>
<!-- Generated by org.testng.reporters.JUnitReportReporter -->
<testsuite hostname="DESKTOP-O8SFBI0" failures="0" tests="1" name="Tests.HomePageTest" time="4.425" errors="0" timestamp="2024-06-28T14:56:58 IST" skipped="0">
  <testcase classname="Tests.HomePageTest" name="EntercredsInLoginpage" time="4.425"/>
</testsuite> <!-- Tests.HomePageTest -->
