<?xml version="1.0" encoding="UTF-8"?>
<!-- Generated by org.testng.reporters.JUnitReportReporter -->
<testsuite hostname="DESKTOP-O8SFBI0" failures="0" tests="2" name="MainClass" time="39.489" errors="0" timestamp="2024-06-20T22:38:54 IST" skipped="0">
  <testcase classname="MainClass" name="maiinn3" time="21.189"/>
  <testcase classname="MainClass" name="maiinn2" time="18.300"/>
</testsuite> <!-- MainClass -->
