<?xml version="1.0" encoding="UTF-8"?>
<!-- Generated by org.testng.reporters.JUnitReportReporter -->
<testsuite hostname="DESKTOP-O8SFBI0" failures="0" tests="2" name="Tests.CreateMatterTests" time="50.642" errors="0" timestamp="2024-07-12T15:49:24 IST" skipped="0">
  <testcase classname="Tests.CreateMatterTests" name="CreateMatter" time="32.893"/>
  <testcase classname="Tests.CreateMatterTests" name="Verify_created_matter" time="17.749"/>
</testsuite> <!-- Tests.CreateMatterTests -->
