<?xml version="1.0" encoding="UTF-8"?>
<!-- Generated by org.testng.reporters.JUnitReportReporter -->
<testsuite hostname="DESKTOP-O8SFBI0" failures="0" tests="1" name="Tests.CreateMatterTests" time="14.980" errors="0" timestamp="2024-07-03T22:42:35 IST" skipped="0">
  <testcase classname="Tests.CreateMatterTests" name="CreateMatter" time="14.980"/>
</testsuite> <!-- Tests.CreateMatterTests -->
