<?xml version="1.0" encoding="UTF-8"?>
<!-- Generated by org.testng.reporters.JUnitReportReporter -->
<testsuite hostname="DESKTOP-O8SFBI0" failures="0" tests="1" name="Tests.CreateTimesheetTests" time="19.008" errors="0" timestamp="2024-07-03T22:42:35 IST" skipped="0">
  <testcase classname="Tests.CreateTimesheetTests" name="CreateTimesheet" time="19.008"/>
</testsuite> <!-- Tests.CreateTimesheetTests -->
